Removed Pin From Net: NetName=PI_3V3 Pin=J1-1
Removed Pin From Net: NetName=PIPWR Pin=J1-2
Removed Pin From Net: NetName=VIN_GND Pin=J1-6
Removed Pin From Net: NetName=BCK Pin=J1-12
Removed Pin From Net: NetName=LRCK Pin=J1-35
Removed Pin From Net: NetName=DOUT Pin=J1-38
Removed Member From Class: ClassName=Schematic Member=Mic LR Selector
Change Component Comment : Designator=Mic LR Selector Old Comment=Cut to seperate mic tips New Comment=Mic LR Selector
Change Component Comment : Designator=REG - BYP Old Comment=JUMPER-PAD-3-2OF3_NC_BY_PASTE New Comment=REG - BYP
Change Component Designator: OldDesignator=Mic LR Selector NewDesignator=J1
Change Component Designator: OldDesignator=Pi3V3 NewDesignator=J3
Change Component Designator: OldDesignator=REG - BYP NewDesignator=J2
Added Component: Designator=H1(PIZERO_THOUGH_HOLE)
Added Pin To Net: NetName=PI_3V3 Pin=H1-1
Added Pin To Net: NetName=PI_3V3 Pin=H1-1
Added Pin To Net: NetName=PI_3V3 Pin=H1-1
Added Pin To Net: NetName=PI_3V3 Pin=H1-1
Added Pin To Net: NetName=PI_3V3 Pin=H1-1
Added Pin To Net: NetName=PIPWR Pin=H1-2
Added Pin To Net: NetName=VIN_GND Pin=H1-6
Added Pin To Net: NetName=BCK Pin=H1-12
Added Pin To Net: NetName=LRCK Pin=H1-35
Added Pin To Net: NetName=DOUT Pin=H1-38
Change Net Name : Old Net Name=NetMIC_RING New Net Name=NetJ1_3
Change Net Name : Old Net Name=NetMIC_TIP New Net Name=NetJ1_1
Added Member To Class: ClassName=Schematic Member=Component H1 PIZERO_THROUGH_HOLE
