Removed Pin From Net: NetName=AGND Pin=JP13-1
Removed Pin From Net: NetName=AGND Pin=JP14-1
Removed Pin From Net: NetName=AGND Pin=JP15-1
Removed Pin From Net: NetName=5V Pin=L2-1
Removed Pin From Net: NetName=AGND Pin=L3-2
Removed Member From Class: ClassName=Schematic Member=JP13
Removed Member From Class: ClassName=Schematic Member=JP14
Removed Member From Class: ClassName=Schematic Member=JP15
Removed Member From Class: ClassName=Schematic Member=L2
Removed Member From Class: ClassName=Schematic Member=L3
Added Pin To Net: NetName=5V Pin=C2-1
Added Pin To Net: NetName=AGND Pin=C9-1
Added Pin To Net: NetName=AGND Pin=C12-2
Added Pin To Net: NetName=AGND Pin=JP1-2
Added Pin To Net: NetName=5V Pin=R1-1
Added Pin To Net: NetName=AGND Pin=R2-2
Added Pin To Net: NetName=5V Pin=R3-2
Added Pin To Net: NetName=AGND Pin=R4-1
Added Pin To Net: NetName=AGND Pin=U3-2
Added Pin To Net: NetName=5V Pin=U3-5
