Removed Pin From Net: NetName=DGND Pin=BPAS-3
Removed Pin From Net: NetName=MAX_IN+ Pin=C19-1
Removed Pin From Net: NetName=5V Pin=C25-A
Removed Pin From Net: NetName=AGND Pin=C25-C
Removed Pin From Net: NetName=DGND Pin=FMT0-1
Removed Pin From Net: NetName=DGND Pin=FMT1-3
Removed Pin From Net: NetName=DGND Pin=OSR-3
Removed Pin From Net: NetName=AGND Pin=R1-2
Removed Pin From Net: NetName=AGND Pin=R2-1
Removed Pin From Net: NetName=MAX_OUT Pin=R6-3
Removed Member From Class: ClassName=Schematic Member=C25
Change Component DesignItemId : Designator=BPAS Old DesignItemId=JUMPER-PAD-3-2OF3_NC_BY_PASTE New DesignItemId=TEST-POINT3X5
Change Component DesignItemId : Designator=FMT0 Old DesignItemId=JUMPER-PAD-3-2OF3_NC_BY_PASTE New DesignItemId=TEST-POINT3X5
Change Component DesignItemId : Designator=FMT1 Old DesignItemId=JUMPER-PAD-3-2OF3_NC_BY_PASTE New DesignItemId=TEST-POINT3X5
Change Component DesignItemId : Designator=OSR Old DesignItemId=JUMPER-PAD-3-2OF3_NC_BY_PASTE New DesignItemId=TEST-POINT3X5
Change Component Footprint: Designator=BPAS Old Footprint=PAD-JUMPER-3-2OF3_NC_BY_PASTE_YES_SILK_FULL_BOX New Footprint=PAD.03X.05
Change Component Footprint: Designator=FMT0 Old Footprint=PAD-JUMPER-3-2OF3_NC_BY_PASTE_YES_SILK_FULL_BOX New Footprint=PAD.03X.05
Change Component Footprint: Designator=FMT1 Old Footprint=PAD-JUMPER-3-2OF3_NC_BY_PASTE_YES_SILK_FULL_BOX New Footprint=PAD.03X.05
Change Component Footprint: Designator=OSR Old Footprint=PAD-JUMPER-3-2OF3_NC_BY_PASTE_YES_SILK_FULL_BOX New Footprint=PAD.03X.05
Change Component Comment : Designator=Pi3V3 Old Comment= New Comment=Bridge and disconnect 3v3 reg for pi 3v3
Change Component Comment : Designator=C19 Old Comment=1uF New Comment=0.1uF
Change Component Kind : Designator=Vin - A GND TIE Old Kind=Standard New Kind=Net Tie
Change Component Kind : Designator=REG - BYP Old Kind=Standard New Kind=Net Tie
Change Component Kind : Designator=Pi Old Kind=Standard New Kind=Net Tie
Change Component Kind : Designator=Pi3V3 Old Kind=Standard New Kind=Net Tie
Change Component Kind : Designator=MD1 Old Kind=Standard New Kind=Net Tie
Change Component Kind : Designator=MD0 Old Kind=Standard New Kind=Net Tie
Change Component Kind : Designator=DGND - VinGnd TIE Old Kind=Standard New Kind=Net Tie
Added Component: Designator=PDWN(PAD.03X.05)
Added Component: Designator=R21(0603-RES)
Added Pin To Net: NetName=DGND Pin=BPAS-P$1
Added Pin To Net: NetName=Net3V3_P$1 Pin=C14-1
Added Pin To Net: NetName=Net3V3_P$1 Pin=FMT0-P$1
Added Pin To Net: NetName=DGND Pin=FMT1-P$1
Added Pin To Net: NetName=Net3V3_P$1 Pin=MD0-1
Added Pin To Net: NetName=Net3V3_P$1 Pin=MD1-1
Added Pin To Net: NetName=DGND Pin=OSR-P$1
Added Pin To Net: NetName=Net3V3_P$1 Pin=PDWN-P$1
Added Pin To Net: NetName=MAX_OUT Pin=R21-2
Added Pin To Net: NetName=Net3V3_P$1 Pin=U4-7
Added Pin To Net: NetName=DGND Pin=U4-8
Added Pin To Net: NetName=Net3V3_P$1 Pin=U4-14
Added Pin To Net: NetName=DGND Pin=U4-16
Added Pin To Net: NetName=Net3V3_P$1 Pin=U4-17
Added Pin To Net: NetName=DGND Pin=U4-18
Added Pin To Net: NetName=Net3V3_P$1 Pin=U5-4
Change Net Name : Old Net Name=DGND New Net Name=BPAS
Change Net Name : Old Net Name=Net3V3_P$1 New Net Name=FMT0
Added Pin To Net: NetName=NetC19_1 Pin=C19-1
Added Pin To Net: NetName=NetC19_1 Pin=R1-2
Added Pin To Net: NetName=NetC19_1 Pin=R2-1
Added Net: Name=NetC19_1
Added Pin To Net: NetName=NetR6_3 Pin=R6-3
Added Pin To Net: NetName=NetR6_3 Pin=R21-1
Added Net: Name=NetR6_3
Added Pin To Net: NetName=PI_3V3 Pin=J1-1
Added Pin To Net: NetName=PI_3V3 Pin=Pi3V3-2
Added Net: Name=PI_3V3
Added Member To Class: ClassName=Schematic Member=Component PDWN 
Added Member To Class: ClassName=Schematic Member=Component R21 10K
