Added Component: Designator=C1(EIA3216)
Added Component: Designator=C2(0603-CAP)
Added Component: Designator=C3(EIA3216)
Added Component: Designator=C4(0603-CAP)
Added Component: Designator=C5(WIMA PCM 10)
Added Component: Designator=C6(EIA3216)
Added Component: Designator=C7(0603-CAP)
Added Component: Designator=C8(0603-CAP)
Added Component: Designator=C9(0603-CAP)
Added Component: Designator=C10(0603-CAP)
Added Component: Designator=C11(EIA3216)
Added Component: Designator=C12(0603-CAP)
Added Component: Designator=C13(EIA3216)
Added Component: Designator=C14(0603-CAP)
Added Component: Designator=C15(PANASONIC_B_ELECTRO)
Added Component: Designator=C16(WIMA PCM 10)
Added Component: Designator=C17(PANASONIC_B_ELECTRO)
Added Component: Designator=C18(WIMA PCM 10)
Added Component: Designator=J1(2X20)
Added Component: Designator=J2(AUDIO-JACK)
Added Component: Designator=JP1(PAD-JUMPER-3-2OF3_NC_BY_TRACE_YES_SILK_FULL_BOX)
Added Component: Designator=JP2(PAD-JUMPER-3-2OF3_NC_BY_TRACE_YES_SILK_FULL_BOX)
Added Component: Designator=JP3(PAD-JUMPER-3-2OF3_NC_BY_TRACE_YES_SILK_FULL_BOX)
Added Component: Designator=JP4(PAD-JUMPER-3-2OF3_NC_BY_TRACE_YES_SILK_FULL_BOX)
Added Component: Designator=JP5(PAD-JUMPER-3-2OF3_NC_BY_TRACE_YES_SILK_FULL_BOX)
Added Component: Designator=JP6(PAD-JUMPER-3-2OF3_NC_BY_TRACE_YES_SILK_FULL_BOX)
Added Component: Designator=L1(0805)
Added Component: Designator=R1(0805)
Added Component: Designator=R2(0805)
Added Component: Designator=R3(0805)
Added Component: Designator=R4(0805)
Added Component: Designator=R5(0603-RES)
Added Component: Designator=R6(0603-RES)
Added Component: Designator=R7(AXIAL-0.1)
Added Component: Designator=R8(0603-RES)
Added Component: Designator=R9(AXIAL-0.1)
Added Component: Designator=S1(PAD-JUMPER-2-NC_BY_PASTE_YES_SILK_FULL_BOX)
Added Component: Designator=S2(Switch DPDT MCS221N-2017)
Added Component: Designator=SJ1(PAD-JUMPER-2-NC_BY_TRACE_YES_SILK)
Added Component: Designator=TP1(TP_15TH)
Added Component: Designator=TP2(TP_15TH)
Added Component: Designator=TP3(TP_15TH)
Added Component: Designator=TP4(TP_15TH)
Added Component: Designator=TP5(TP_15TH)
Added Component: Designator=TP6(PAD.03X.04)
Added Component: Designator=TP7(PAD.03X.04)
Added Component: Designator=TP8(PAD.03X.04)
Added Component: Designator=TP9(PAD.03X.04)
Added Component: Designator=TP10(PAD.03X.04)
Added Component: Designator=TP11(PAD.03X.04)
Added Component: Designator=TP12(PAD.03X.04)
Added Component: Designator=TP13(PAD.03X.04)
Added Component: Designator=TP14(PAD.03X.04)
Added Component: Designator=TP15(PAD.03X.04)
Added Component: Designator=U1(SC70)
Added Component: Designator=U2(SOT23-5)
Added Component: Designator=U3(SSOP20)
Added Component: Designator=U4(CRYSTAL-SMD-7.5X5.2-6PIN)
Added Pin To Net: NetName=MAX_VCC Pin=C1-A
Added Pin To Net: NetName=MAX_AGND Pin=C1-C
Added Pin To Net: NetName=MAX_VCC Pin=C2-1
Added Pin To Net: NetName=MAX_AGND Pin=C2-2
Added Pin To Net: NetName=3.3V Pin=C3-A
Added Pin To Net: NetName=DGND Pin=C3-C
Added Pin To Net: NetName=3.3V Pin=C4-1
Added Pin To Net: NetName=DGND Pin=C4-2
Added Pin To Net: NetName=MIC_A Pin=C5-1
Added Pin To Net: NetName=MAX_IN+ Pin=C5-2
Added Pin To Net: NetName=MAX_VCC Pin=C6-A
Added Pin To Net: NetName=MAX_AGND Pin=C6-C
Added Pin To Net: NetName=MAX_VCC Pin=C7-1
Added Pin To Net: NetName=MAX_AGND Pin=C7-2
Added Pin To Net: NetName=NetC8_1 Pin=C8-1
Added Pin To Net: NetName=MAX_AGND Pin=C8-2
Added Pin To Net: NetName=MAX_IN- Pin=C9-1
Added Pin To Net: NetName=LINEIN_L Pin=C9-2
Added Pin To Net: NetName=3.3V Pin=C10-1
Added Pin To Net: NetName=DGND Pin=C10-2
Added Pin To Net: NetName=NetC11_A Pin=C11-A
Added Pin To Net: NetName=MAX_AGND Pin=C11-C
Added Pin To Net: NetName=NetC11_A Pin=C12-1
Added Pin To Net: NetName=MAX_AGND Pin=C12-2
Added Pin To Net: NetName=NetC13_A Pin=C13-A
Added Pin To Net: NetName=MAX_AGND Pin=C13-C
Added Pin To Net: NetName=NetC13_A Pin=C14-1
Added Pin To Net: NetName=MAX_AGND Pin=C14-2
Added Pin To Net: NetName=VINL_B Pin=C16-1
Added Pin To Net: NetName=MAX_AGND Pin=C16-2
Added Pin To Net: NetName=VINR_B Pin=C18-1
Added Pin To Net: NetName=MAX_AGND Pin=C18-2
Added Pin To Net: NetName=V_IN Pin=J1-4
Added Pin To Net: NetName=MAX_AGND Pin=J1-6
Added Pin To Net: NetName=BCK Pin=J1-12
Added Pin To Net: NetName=LRCK Pin=J1-35
Added Pin To Net: NetName=DOUT Pin=J1-38
Added Pin To Net: NetName=AUDIOIN_R Pin=J2-RING
Added Pin To Net: NetName=MAX_AGND Pin=J2-RSH
Added Pin To Net: NetName=MAX_AGND Pin=J2-SLEEVE
Added Pin To Net: NetName=AUDIOIN_L Pin=J2-TIP
Added Pin To Net: NetName=MAX_AGND Pin=J2-TSH
Added Pin To Net: NetName=3.3V Pin=JP1-1
Added Pin To Net: NetName=MD1 Pin=JP1-2
Added Pin To Net: NetName=DGND Pin=JP1-3
Added Pin To Net: NetName=3.3V Pin=JP2-1
Added Pin To Net: NetName=MD0 Pin=JP2-2
Added Pin To Net: NetName=DGND Pin=JP2-3
Added Pin To Net: NetName=3.3V Pin=JP3-1
Added Pin To Net: NetName=OSR Pin=JP3-2
Added Pin To Net: NetName=DGND Pin=JP3-3
Added Pin To Net: NetName=3.3V Pin=JP4-1
Added Pin To Net: NetName=BPAS Pin=JP4-2
Added Pin To Net: NetName=DGND Pin=JP4-3
Added Pin To Net: NetName=3.3V Pin=JP5-1
Added Pin To Net: NetName=FMT1 Pin=JP5-2
Added Pin To Net: NetName=DGND Pin=JP5-3
Added Pin To Net: NetName=DGND Pin=JP6-1
Added Pin To Net: NetName=FMT0 Pin=JP6-2
Added Pin To Net: NetName=3.3V Pin=JP6-3
Added Pin To Net: NetName=V_IN Pin=L1-1
Added Pin To Net: NetName=MAX_VCC Pin=L1-2
Added Pin To Net: NetName=MAX_VCC Pin=R1-1
Added Pin To Net: NetName=MAX_AGND Pin=R1-2
Added Pin To Net: NetName=MAX_AGND Pin=R2-1
Added Pin To Net: NetName=MIC_A Pin=R2-2
Added Pin To Net: NetName=MAX_VCC Pin=R3-1
Added Pin To Net: NetName=MAX_IN+ Pin=R3-2
Added Pin To Net: NetName=MAX_IN+ Pin=R4-1
Added Pin To Net: NetName=MAX_AGND Pin=R4-2
Added Pin To Net: NetName=MAX_IN- Pin=R5-1
Added Pin To Net: NetName=NetC8_1 Pin=R5-2
Added Pin To Net: NetName=MAX_IN- Pin=R6-1
Added Pin To Net: NetName=LINEIN_L Pin=R6-2
Added Pin To Net: NetName=VINL_B Pin=R7-P$1
Added Pin To Net: NetName=NetC15_+ Pin=R7-P$2
Added Pin To Net: NetName=3.3V Pin=R8-1
Added Pin To Net: NetName=PDWN Pin=R8-2
Added Pin To Net: NetName=VINR_B Pin=R9-P$1
Added Pin To Net: NetName=NetC17_+ Pin=R9-P$2
Added Pin To Net: NetName=PDWN Pin=S1-1
Added Pin To Net: NetName=DGND Pin=S1-2
Added Pin To Net: NetName=LINEIN_L Pin=S2-1
Added Pin To Net: NetName=MIC_A Pin=S2-2
Added Pin To Net: NetName=LINEIN_L Pin=S2-3
Added Pin To Net: NetName=MIC_A Pin=S2-4
Added Pin To Net: NetName=AUDIOIN_L Pin=S2-C1
Added Pin To Net: NetName=AUDIOIN_R Pin=S2-C2
Added Pin To Net: NetName=MAX_AGND Pin=SJ1-1
Added Pin To Net: NetName=DGND Pin=SJ1-2
Added Pin To Net: NetName=VINL_B Pin=TP1-P$1
Added Pin To Net: NetName=VINR_B Pin=TP2-P$1
Added Pin To Net: NetName=DOUT Pin=TP3-P$1
Added Pin To Net: NetName=BCK Pin=TP4-P$1
Added Pin To Net: NetName=LRCK Pin=TP5-P$1
Added Pin To Net: NetName=SCK Pin=TP6-P$1
Added Pin To Net: NetName=BPAS Pin=TP7-P$1
Added Pin To Net: NetName=MD1 Pin=TP8-P$1
Added Pin To Net: NetName=MD0 Pin=TP9-P$1
Added Pin To Net: NetName=FMT1 Pin=TP10-P$1
Added Pin To Net: NetName=FMT0 Pin=TP11-P$1
Added Pin To Net: NetName=OSR Pin=TP12-P$1
Added Pin To Net: NetName=V_IN Pin=TP13-P$1
Added Pin To Net: NetName=MAX_VCC Pin=TP14-P$1
Added Pin To Net: NetName=3.3V Pin=TP15-P$1
Added Pin To Net: NetName=MAX_IN+ Pin=U1-1
Added Pin To Net: NetName=MAX_AGND Pin=U1-2
Added Pin To Net: NetName=MAX_IN- Pin=U1-3
Added Pin To Net: NetName=LINEIN_L Pin=U1-4
Added Pin To Net: NetName=MAX_VCC Pin=U1-5
Added Pin To Net: NetName=MAX_VCC Pin=U2-1
Added Pin To Net: NetName=DGND Pin=U2-2
Added Pin To Net: NetName=MAX_VCC Pin=U2-3
Added Pin To Net: NetName=3.3V Pin=U2-5
Added Pin To Net: NetName=VINL_B Pin=U3-1
Added Pin To Net: NetName=VINR_B Pin=U3-2
Added Pin To Net: NetName=NetC11_A Pin=U3-3
Added Pin To Net: NetName=NetC13_A Pin=U3-4
Added Pin To Net: NetName=MAX_AGND Pin=U3-6
Added Pin To Net: NetName=PDWN Pin=U3-7
Added Pin To Net: NetName=BPAS Pin=U3-8
Added Pin To Net: NetName=DGND Pin=U3-9
Added Pin To Net: NetName=LRCK Pin=U3-10
Added Pin To Net: NetName=BCK Pin=U3-11
Added Pin To Net: NetName=DOUT Pin=U3-12
Added Pin To Net: NetName=DGND Pin=U3-13
Added Pin To Net: NetName=3.3V Pin=U3-14
Added Pin To Net: NetName=SCK Pin=U3-15
Added Pin To Net: NetName=OSR Pin=U3-16
Added Pin To Net: NetName=FMT0 Pin=U3-17
Added Pin To Net: NetName=FMT1 Pin=U3-18
Added Pin To Net: NetName=MD0 Pin=U3-19
Added Pin To Net: NetName=MD1 Pin=U3-20
Added Pin To Net: NetName=DGND Pin=U4-2
Added Pin To Net: NetName=SCK Pin=U4-3
Added Pin To Net: NetName=3.3V Pin=U4-4
Added Member To Class: ClassName=Schematic Member=Component C1 10uF
Added Member To Class: ClassName=Schematic Member=Component C2 0.1uF
Added Member To Class: ClassName=Schematic Member=Component C3 10uF
Added Member To Class: ClassName=Schematic Member=Component C4 0.1uF
Added Member To Class: ClassName=Schematic Member=Component C5 0.01uF Film
Added Member To Class: ClassName=Schematic Member=Component C6 10uF
Added Member To Class: ClassName=Schematic Member=Component C7 0.1uF
Added Member To Class: ClassName=Schematic Member=Component C8 1uF
Added Member To Class: ClassName=Schematic Member=Component C9 100pF
Added Member To Class: ClassName=Schematic Member=Component C10 0.01uF
Added Member To Class: ClassName=Schematic Member=Component C11 10uF
Added Member To Class: ClassName=Schematic Member=Component C12 0.1uF
Added Member To Class: ClassName=Schematic Member=Component C13 10uF
Added Member To Class: ClassName=Schematic Member=Component C14 0.1uF
Added Member To Class: ClassName=Schematic Member=Component C15 1uF
Added Member To Class: ClassName=Schematic Member=Component C16 0.01uF Film
Added Member To Class: ClassName=Schematic Member=Component C17 1uF
Added Member To Class: ClassName=Schematic Member=Component C18 0.01uF Film
Added Member To Class: ClassName=Schematic Member=Component J1 Pi Connector
Added Member To Class: ClassName=Schematic Member=Component J2 Stereo jack with bypass switches. Ground when NC
Added Member To Class: ClassName=Schematic Member=Component JP1 
Added Member To Class: ClassName=Schematic Member=Component JP2 
Added Member To Class: ClassName=Schematic Member=Component JP3 
Added Member To Class: ClassName=Schematic Member=Component JP4 
Added Member To Class: ClassName=Schematic Member=Component JP5 
Added Member To Class: ClassName=Schematic Member=Component JP6 
Added Member To Class: ClassName=Schematic Member=Component L1 
Added Member To Class: ClassName=Schematic Member=Component R1 2K
Added Member To Class: ClassName=Schematic Member=Component R2 2K
Added Member To Class: ClassName=Schematic Member=Component R3 1M
Added Member To Class: ClassName=Schematic Member=Component R4 1M
Added Member To Class: ClassName=Schematic Member=Component R5 10K
Added Member To Class: ClassName=Schematic Member=Component R6 100K
Added Member To Class: ClassName=Schematic Member=Component R7 100r
Added Member To Class: ClassName=Schematic Member=Component R8 10K
Added Member To Class: ClassName=Schematic Member=Component R9 100r
Added Member To Class: ClassName=Schematic Member=Component S1 Push to Reset
Added Member To Class: ClassName=Schematic Member=Component S2 Audio Source Selector
Added Member To Class: ClassName=Schematic Member=Component SJ1 JUMPER-PAD-2-NC_BY_TRACE
Added Member To Class: ClassName=Schematic Member=Component TP1 
Added Member To Class: ClassName=Schematic Member=Component TP2 
Added Member To Class: ClassName=Schematic Member=Component TP3 
Added Member To Class: ClassName=Schematic Member=Component TP4 
Added Member To Class: ClassName=Schematic Member=Component TP5 
Added Member To Class: ClassName=Schematic Member=Component TP6 
Added Member To Class: ClassName=Schematic Member=Component TP7 
Added Member To Class: ClassName=Schematic Member=Component TP8 
Added Member To Class: ClassName=Schematic Member=Component TP9 
Added Member To Class: ClassName=Schematic Member=Component TP10 
Added Member To Class: ClassName=Schematic Member=Component TP11 
Added Member To Class: ClassName=Schematic Member=Component TP12 
Added Member To Class: ClassName=Schematic Member=Component TP13 
Added Member To Class: ClassName=Schematic Member=Component TP14 
Added Member To Class: ClassName=Schematic Member=Component TP15 
Added Member To Class: ClassName=Schematic Member=Component U1 MAX4466
Added Member To Class: ClassName=Schematic Member=Component U2 3.3V_REG (replace with cheap)
Added Member To Class: ClassName=Schematic Member=Component U3 PCM1803a
Added Member To Class: ClassName=Schematic Member=Component U4 24.576MHz OSCILLATOR
Added Room: Name=Schematic
