Removed Pin From Net: NetName=5V Pin=R3-1
Removed Pin From Net: NetName=MAX_IN+ Pin=R3-2
Removed Pin From Net: NetName=MAX_IN+ Pin=R4-1
Removed Pin From Net: NetName=AGND Pin=R4-2
Removed Pin From Net: NetName=NetIC1_2 Pin=R8-1
Removed Pin From Net: NetName=INTO_BPF_L Pin=R8-2
Removed Pin From Net: NetName=5V Pin=R9-1
Removed Pin From Net: NetName=NetIC1_3 Pin=R9-2
Removed Pin From Net: NetName=MAX_OUT Pin=R11-1
Removed Pin From Net: NetName=NetIC1_2 Pin=R11-2
Removed Pin From Net: NetName=AUDIOIN_L_LINE Pin=R12-1
Removed Pin From Net: NetName=NetIC1_2 Pin=R12-2
Removed Pin From Net: NetName=NetIC1_3 Pin=R13-1
Removed Pin From Net: NetName=AGND Pin=R13-2
Removed Pin From Net: NetName=5V Pin=R14-1
Removed Pin From Net: NetName=NetIC1_5 Pin=R14-2
Removed Pin From Net: NetName=MAX_OUT Pin=R15-1
Removed Pin From Net: NetName=NetIC1_6 Pin=R15-2
Removed Pin From Net: NetName=AUDIOIN_R_LINE Pin=R16-1
Removed Pin From Net: NetName=NetIC1_6 Pin=R16-2
Removed Pin From Net: NetName=NetIC1_5 Pin=R17-1
Removed Pin From Net: NetName=AGND Pin=R17-2
Removed Pin From Net: NetName=NetIC1_6 Pin=R18-1
Removed Pin From Net: NetName=INTO_BPF_R Pin=R18-2
Removed Member From Class: ClassName=Schematic Member=R17
Removed Member From Class: ClassName=Schematic Member=R18
Change Component DesignItemId : Designator=R3 Old DesignItemId=RESISTOR0805-RES New DesignItemId=RESISTOR0603
Change Component DesignItemId : Designator=R4 Old DesignItemId=RESISTOR0805-RES New DesignItemId=RESISTOR0603
Change Component DesignItemId : Designator=R8 Old DesignItemId=RESISTOR0805-RES New DesignItemId=RESISTOR0603
Change Component DesignItemId : Designator=R9 Old DesignItemId=RESISTOR0805-RES New DesignItemId=RESISTOR0603
Change Component DesignItemId : Designator=R11 Old DesignItemId=RESISTOR0805-RES New DesignItemId=RESISTOR0603
Change Component DesignItemId : Designator=R12 Old DesignItemId=RESISTOR0805-RES New DesignItemId=RESISTOR0603
Change Component DesignItemId : Designator=R13 Old DesignItemId=RESISTOR0805-RES New DesignItemId=RESISTOR0603
Change Component DesignItemId : Designator=R14 Old DesignItemId=RESISTOR0805-RES New DesignItemId=RESISTOR0603
Change Component DesignItemId : Designator=R15 Old DesignItemId=RESISTOR0805-RES New DesignItemId=RESISTOR0603
Change Component DesignItemId : Designator=R16 Old DesignItemId=RESISTOR0805-RES New DesignItemId=RESISTOR0603
Change Component Footprint: Designator=R3 Old Footprint=0805 New Footprint=0603-RES
Change Component Footprint: Designator=R4 Old Footprint=0805 New Footprint=0603-RES
Change Component Footprint: Designator=R8 Old Footprint=0805 New Footprint=0603-RES
Change Component Footprint: Designator=R9 Old Footprint=0805 New Footprint=0603-RES
Change Component Footprint: Designator=R11 Old Footprint=0805 New Footprint=0603-RES
Change Component Footprint: Designator=R12 Old Footprint=0805 New Footprint=0603-RES
Change Component Footprint: Designator=R13 Old Footprint=0805 New Footprint=0603-RES
Change Component Footprint: Designator=R14 Old Footprint=0805 New Footprint=0603-RES
Change Component Footprint: Designator=R15 Old Footprint=0805 New Footprint=0603-RES
Change Component Footprint: Designator=R16 Old Footprint=0805 New Footprint=0603-RES
Change Component Footprint: Designator=R7 Old Footprint=0805 New Footprint=0603
Change Component Footprint: Designator=R10 Old Footprint=0805 New Footprint=0603
Change Component Footprint: Designator=IC1 Old Footprint=SO08 New Footprint=SOIC8
Change Component Comment : Designator=C9 Old Comment=0.01uF New Comment=0.01uF Film
Change Component Comment : Designator=C21 Old Comment=1uF New Comment=1uF electro
Change Component Comment : Designator=C23 Old Comment=1uF New Comment=1uF electro
Change Component Comment : Designator=R8 Old Comment=Rf New Comment=1M
Change Component Comment : Designator=LINE IN Old Comment=Stereo jack  New Comment=Stereo jack
Change Component Comment : Designator=MIC Old Comment=Stereo jack  New Comment=Stereo jack
Added Component: Designator=Rf1(0603-RES)
Added Component: Designator=Rf2(0603-RES)
Added Pin To Net: NetName=MAX_IN+ Pin=R3-1
Added Pin To Net: NetName=5V Pin=R3-2
Added Pin To Net: NetName=AGND Pin=R4-1
Added Pin To Net: NetName=MAX_IN+ Pin=R4-2
Added Pin To Net: NetName=NetIC1_3 Pin=R8-1
Added Pin To Net: NetName=5V Pin=R8-2
Added Pin To Net: NetName=NetIC1_2 Pin=R9-1
Added Pin To Net: NetName=MAX_OUT Pin=R9-2
Added Pin To Net: NetName=NetIC1_2 Pin=R11-1
Added Pin To Net: NetName=AUDIOIN_L_LINE Pin=R11-2
Added Pin To Net: NetName=AGND Pin=R12-1
Added Pin To Net: NetName=NetIC1_3 Pin=R12-2
Added Pin To Net: NetName=NetIC1_5 Pin=R13-1
Added Pin To Net: NetName=5V Pin=R13-2
Added Pin To Net: NetName=NetIC1_6 Pin=R14-1
Added Pin To Net: NetName=MAX_OUT Pin=R14-2
Added Pin To Net: NetName=NetIC1_6 Pin=R15-1
Added Pin To Net: NetName=AUDIOIN_R_LINE Pin=R15-2
Added Pin To Net: NetName=AGND Pin=R16-1
Added Pin To Net: NetName=NetIC1_5 Pin=R16-2
Added Pin To Net: NetName=INTO_BPF_L Pin=Rf1-1
Added Pin To Net: NetName=NetIC1_2 Pin=Rf1-2
Added Pin To Net: NetName=INTO_BPF_R Pin=Rf2-1
Added Pin To Net: NetName=NetIC1_6 Pin=Rf2-2
Added Member To Class: ClassName=Schematic Member=Component Rf1 
Added Member To Class: ClassName=Schematic Member=Component Rf2 
