Change Component Comment : Designator=U1 Old Comment= New Comment=MAX4466
Change Component Comment : Designator=LINE IN Old Comment=Stereo jack with bypass switches. Ground when NC New Comment=Stereo jack 
Change Component Comment : Designator=MIC Old Comment=Stereo jack with bypass switches. Ground when NC New Comment=Stereo jack 
Added Component: Designator=C23(EIA3216)
Added Component: Designator=C24(0603-CAP)
Added Component: Designator=DualOpAMP_B(SO08)
Added Component: Designator=R8(0805)
Added Component: Designator=R10(0805)
Added Component: Designator=R11(0805)
Added Component: Designator=R12(0805)
Added Component: Designator=R13(0805)
Added Component: Designator=R14(0805)
Added Component: Designator=R15(0805)
Added Component: Designator=R16(0805)
Added Component: Designator=R17(0805)
Added Component: Designator=R18(0805)
Added Component: Designator=U6(SO08)
Added Pin To Net: NetName=5V Pin=C23-A
Added Pin To Net: NetName=AGND Pin=C23-C
Added Pin To Net: NetName=5V Pin=C24-1
Added Pin To Net: NetName=AGND Pin=C24-2
Added Pin To Net: NetName=5V Pin=R10-1
Added Pin To Net: NetName=MAX_OUT Pin=R11-1
Added Pin To Net: NetName=AUDIOIN_L_LINE Pin=R12-1
Added Pin To Net: NetName=AGND Pin=R13-2
Added Pin To Net: NetName=5V Pin=R14-1
Added Pin To Net: NetName=MAX_OUT Pin=R15-1
Added Pin To Net: NetName=AUDIOIN_R_LINE Pin=R16-1
Added Pin To Net: NetName=AGND Pin=R17-2
Added Pin To Net: NetName=AGND Pin=U6-4
Added Pin To Net: NetName=5V Pin=U6-8
Added Pin To Net: NetName=INTO_BPF_L Pin=C15--
Added Pin To Net: NetName=INTO_BPF_L Pin=R8-2
Added Pin To Net: NetName=INTO_BPF_L Pin=U6-1
Added Net: Name=INTO_BPF_L
Added Pin To Net: NetName=INTO_BPF_R Pin=C17--
Added Pin To Net: NetName=INTO_BPF_R Pin=DualOpAMP_B-7
Added Pin To Net: NetName=INTO_BPF_R Pin=R18-2
Added Net: Name=INTO_BPF_R
Added Pin To Net: NetName=NetDualOpAMP_B_5 Pin=DualOpAMP_B-5
Added Pin To Net: NetName=NetDualOpAMP_B_5 Pin=R14-2
Added Pin To Net: NetName=NetDualOpAMP_B_5 Pin=R17-1
Added Net: Name=NetDualOpAMP_B_5
Added Pin To Net: NetName=NetDualOpAMP_B_6 Pin=DualOpAMP_B-6
Added Pin To Net: NetName=NetDualOpAMP_B_6 Pin=R15-2
Added Pin To Net: NetName=NetDualOpAMP_B_6 Pin=R16-2
Added Pin To Net: NetName=NetDualOpAMP_B_6 Pin=R18-1
Added Net: Name=NetDualOpAMP_B_6
Added Pin To Net: NetName=NetR8_1 Pin=R8-1
Added Pin To Net: NetName=NetR8_1 Pin=R11-2
Added Pin To Net: NetName=NetR8_1 Pin=R12-2
Added Pin To Net: NetName=NetR8_1 Pin=U6-2
Added Net: Name=NetR8_1
Added Pin To Net: NetName=NetR10_2 Pin=R10-2
Added Pin To Net: NetName=NetR10_2 Pin=R13-1
Added Pin To Net: NetName=NetR10_2 Pin=U6-3
Added Net: Name=NetR10_2
Added Member To Class: ClassName=Schematic Member=Component C23 10uF
Added Member To Class: ClassName=Schematic Member=Component C24 0.1uF
Added Member To Class: ClassName=Schematic Member=Component DualOpAMP_B 
Added Member To Class: ClassName=Schematic Member=Component R8 Rf
Added Member To Class: ClassName=Schematic Member=Component R10 1M
Added Member To Class: ClassName=Schematic Member=Component R11 1M
Added Member To Class: ClassName=Schematic Member=Component R12 1M
Added Member To Class: ClassName=Schematic Member=Component R13 1M
Added Member To Class: ClassName=Schematic Member=Component R14 1M
Added Member To Class: ClassName=Schematic Member=Component R15 1M
Added Member To Class: ClassName=Schematic Member=Component R16 1M
Added Member To Class: ClassName=Schematic Member=Component R17 1M
Added Member To Class: ClassName=Schematic Member=Component R18 Rf
Added Member To Class: ClassName=Schematic Member=Component U6 
