Removed Pin From Net: NetName=NetDualOpAMP_B_5 Pin=DualOpAMP_B-5
Removed Pin From Net: NetName=NetDualOpAMP_B_6 Pin=DualOpAMP_B-6
Removed Pin From Net: NetName=INTO_BPF_R Pin=DualOpAMP_B-7
Removed Pin From Net: NetName=PIPWR Pin=PIPWR-1
Removed Pin From Net: NetName=V_IN Pin=PIPWR-2
Removed Pin From Net: NetName=INTO_BPF_L Pin=U6-1
Removed Pin From Net: NetName=NetR8_1 Pin=U6-2
Removed Pin From Net: NetName=NetR10_2 Pin=U6-3
Removed Pin From Net: NetName=AGND Pin=U6-4
Removed Pin From Net: NetName=5V Pin=U6-8
Removed Pin From Net: NetName=V_IN Pin=USB PWR-1
Removed Pin From Net: NetName=VIN_GND Pin=USB PWR-5
Removed Member From Class: ClassName=Schematic Member=DualOpAMP_B
Removed Member From Class: ClassName=Schematic Member=U6
Change Component Designator: OldDesignator=3V3 NewDesignator=2
Change Component Designator: OldDesignator=5V NewDesignator=1
Change Component Designator: OldDesignator=BPAS NewDesignator=BPAS1
Change Component Designator: OldDesignator=C1 NewDesignator=C10
Change Component Designator: OldDesignator=C2 NewDesignator=C11
Change Component Designator: OldDesignator=C3 NewDesignator=C6
Change Component Designator: OldDesignator=C4 NewDesignator=C7
Change Component Designator: OldDesignator=C5 NewDesignator=C9
Change Component Designator: OldDesignator=C6 NewDesignator=C1
Change Component Designator: OldDesignator=C7 NewDesignator=C2
Change Component Designator: OldDesignator=C8 NewDesignator=C12
Change Component Designator: OldDesignator=C9 NewDesignator=C13
Change Component Designator: OldDesignator=C10 NewDesignator=C14
Change Component Designator: OldDesignator=C11 NewDesignator=C15
Change Component Designator: OldDesignator=C12 NewDesignator=C16
Change Component Designator: OldDesignator=C13 NewDesignator=C17
Change Component Designator: OldDesignator=C14 NewDesignator=C18
Change Component Designator: OldDesignator=C15 NewDesignator=C21
Change Component Designator: OldDesignator=C16 NewDesignator=C22
Change Component Designator: OldDesignator=C17 NewDesignator=C23
Change Component Designator: OldDesignator=C18 NewDesignator=C24
Change Component Designator: OldDesignator=C19 NewDesignator=C3
Change Component Designator: OldDesignator=C20 NewDesignator=C4
Change Component Designator: OldDesignator=C21 NewDesignator=C5
Change Component Designator: OldDesignator=C22 NewDesignator=C8
Change Component Designator: OldDesignator=C23 NewDesignator=C19
Change Component Designator: OldDesignator=C24 NewDesignator=C20
Change Component Designator: OldDesignator=DGND - VinGnd TIE NewDesignator=DGND - VinGnd TIE1
Change Component Designator: OldDesignator=FMT0 NewDesignator=FMT2
Change Component Designator: OldDesignator=LINE IN NewDesignator=LINE IN1
Change Component Designator: OldDesignator=LRCK      BCK      DATA NewDesignator=LRCK      BCK      DATA1
Change Component Designator: OldDesignator=L TP NewDesignator=L TP1
Change Component Designator: OldDesignator=MCLK NewDesignator=MCLK1
Change Component Designator: OldDesignator=MD0 NewDesignator=MD2
Change Component Designator: OldDesignator=MIC NewDesignator=MIC1
Change Component Designator: OldDesignator=OSR NewDesignator=OSR1
Change Component Designator: OldDesignator=R9 NewDesignator=R10
Change Component Designator: OldDesignator=R10 NewDesignator=R9
Change Component Designator: OldDesignator=REG - BYP NewDesignator=REG - BYP1
Change Component Designator: OldDesignator=R TP NewDesignator=R TP1
Change Component Designator: OldDesignator=Thief NewDesignator=Thief1
Change Component Designator: OldDesignator=U1 NewDesignator=U3
Change Component Designator: OldDesignator=U3 NewDesignator=U4
Change Component Designator: OldDesignator=U4 NewDesignator=U5
Change Component Designator: OldDesignator=U5 NewDesignator=U1
Change Component Designator: OldDesignator=Vin NewDesignator=Vin1
Change Component Designator: OldDesignator=Vin - A GND TIE NewDesignator=Vin - A GND TIE1
Change Component Designator: OldDesignator=Vin_GND NewDesignator=Vin_GND1
Added Component: Designator=IC1(SO08)
Added Component: Designator=PIPWR1(PAD-JUMPER-2-NC_BY_TRACE_NO_SILK)
Added Component: Designator=USB PWR1(MicroUSB-HRS1)
Added Pin To Net: NetName=INTO_BPF_L Pin=IC1-1
Added Pin To Net: NetName=NetR8_1 Pin=IC1-2
Added Pin To Net: NetName=NetR10_2 Pin=IC1-3
Added Pin To Net: NetName=AGND Pin=IC1-4
Added Pin To Net: NetName=NetDualOpAMP_B_5 Pin=IC1-5
Added Pin To Net: NetName=NetDualOpAMP_B_6 Pin=IC1-6
Added Pin To Net: NetName=INTO_BPF_R Pin=IC1-7
Added Pin To Net: NetName=5V Pin=IC1-8
Added Pin To Net: NetName=PIPWR Pin=PIPWR1-1
Added Pin To Net: NetName=V_IN Pin=PIPWR1-2
Added Pin To Net: NetName=V_IN Pin=USB PWR1-1
Added Pin To Net: NetName=VIN_GND Pin=USB PWR1-5
Change Net Name : Old Net Name=NetC8_1 New Net Name=NetC12_1
Change Net Name : Old Net Name=NetC11_A New Net Name=NetC15_A
Change Net Name : Old Net Name=NetC13_A New Net Name=NetC17_A
Change Net Name : Old Net Name=NetC15_+ New Net Name=NetC21_+
Change Net Name : Old Net Name=NetC17_+ New Net Name=NetC23_+
Change Net Name : Old Net Name=NetC21_1 New Net Name=NetC5_1
Change Net Name : Old Net Name=NetC22_1 New Net Name=NetC8_1
Change Net Name : Old Net Name=NetDualOpAMP_B_5 New Net Name=NetIC1_5
Change Net Name : Old Net Name=NetDualOpAMP_B_6 New Net Name=NetIC1_6
Change Net Name : Old Net Name=NetR8_1 New Net Name=NetIC1_2
Change Net Name : Old Net Name=NetR10_2 New Net Name=NetIC1_3
Change Net Name : Old Net Name=NetREG - BYP_3 New Net Name=NetREG - BYP1_3
Added Member To Class: ClassName=Schematic Member=Component IC1 Generic op-amp footprint
Added Member To Class: ClassName=Schematic Member=Component PIPWR1 JUMPER-PAD-2-NC_BY_TRACENO_SILK
Added Member To Class: ClassName=Schematic Member=Component USB PWR1 Optional USB Power
