Change Component Designator: Old Designator=3V3 New Designator=2
Change Component Designator: Old Designator=5V New Designator=1
Change Component Designator: Old Designator=BPAS New Designator=BPAS1
Change Component Designator: Old Designator=C1 New Designator=C10
Change Component Designator: Old Designator=C2 New Designator=C11
Change Component Designator: Old Designator=C3 New Designator=C6
Change Component Designator: Old Designator=C4 New Designator=C7
Change Component Designator: Old Designator=C5 New Designator=C9
Change Component Designator: Old Designator=C6 New Designator=C1
Change Component Designator: Old Designator=C7 New Designator=C2
Change Component Designator: Old Designator=C8 New Designator=C12
Change Component Designator: Old Designator=C9 New Designator=C13
Change Component Designator: Old Designator=C10 New Designator=C14
Change Component Designator: Old Designator=C11 New Designator=C15
Change Component Designator: Old Designator=C12 New Designator=C16
Change Component Designator: Old Designator=C13 New Designator=C17
Change Component Designator: Old Designator=C14 New Designator=C18
Change Component Designator: Old Designator=C15 New Designator=C21
Change Component Designator: Old Designator=C16 New Designator=C22
Change Component Designator: Old Designator=C17 New Designator=C23
Change Component Designator: Old Designator=C18 New Designator=C24
Change Component Designator: Old Designator=C19 New Designator=C3
Change Component Designator: Old Designator=C20 New Designator=C4
Change Component Designator: Old Designator=C21 New Designator=C5
Change Component Designator: Old Designator=C22 New Designator=C8
Change Component Designator: Old Designator=C23 New Designator=C19
Change Component Designator: Old Designator=C24 New Designator=C20
Change Component Designator: Old Designator=DGND - VinGnd TIE New Designator=DGND - VinGnd TIE1
Change Component Designator: Old Designator=FMT0 New Designator=FMT2
Change Component Designator: Old Designator=IC? New Designator=IC1
Change Component Designator: Old Designator=IC? New Designator=IC1
Change Component Designator: Old Designator=LINE IN New Designator=LINE IN1
Change Component Designator: Old Designator=LRCK      BCK      DATA New Designator=LRCK      BCK      DATA1
Change Component Designator: Old Designator=L TP New Designator=L TP1
Change Component Designator: Old Designator=MCLK New Designator=MCLK1
Change Component Designator: Old Designator=MD0 New Designator=MD2
Change Component Designator: Old Designator=MIC New Designator=MIC1
Change Component Designator: Old Designator=OSR New Designator=OSR1
Change Component Designator: Old Designator=PIPWR New Designator=PIPWR1
Change Component Designator: Old Designator=R9 New Designator=R10
Change Component Designator: Old Designator=R10 New Designator=R9
Change Component Designator: Old Designator=REG - BYP New Designator=REG - BYP1
Change Component Designator: Old Designator=R TP New Designator=R TP1
Change Component Designator: Old Designator=Thief New Designator=Thief1
Change Component Designator: Old Designator=U1 New Designator=U3
Change Component Designator: Old Designator=U3 New Designator=U4
Change Component Designator: Old Designator=U4 New Designator=U5
Change Component Designator: Old Designator=U5 New Designator=U1
Change Component Designator: Old Designator=USB PWR New Designator=USB PWR1
Change Component Designator: Old Designator=Vin New Designator=Vin1
Change Component Designator: Old Designator=Vin - A GND TIE New Designator=Vin - A GND TIE1
Change Component Designator: Old Designator=Vin_GND New Designator=Vin_GND1
